// 重构日志: a47d4b82
// 重构日志: 3cbba469
// 同步 ID: ec6acddf @ Mon Jun 15 17:27:38 UTC 2026
// 重构日志: bfa046e1
// 重构日志: 4484003e
// 重构日志: 645b6e08
// 同步 ID: 280a09db @ Sun Jun 21 17:23:54 UTC 2026
// 重构日志: 4e9cdf84
// 同步 ID: b9fe501c @ Tue Jun 23 11:58:45 UTC 2026
// 同步 ID: d53d00d2 @ Sat Jun 27 08:26:11 UTC 2026
// 同步 ID: a51ae865 @ Sat Jun 27 13:35:29 UTC 2026
// 同步 ID: 38c8993b @ Tue Jun 30 16:03:29 UTC 2026
// 同步 ID: 5cd80fde @ Tue Jun 30 18:01:15 UTC 2026
// 重构日志: 9524eec5
// 重构日志: 520793d1
// 重构日志: ea0dfee2
// 重构日志: 56882543
// 重构日志: b8f8e87a
// 重构日志: 9e7aa4a7
// 重构日志: 732a568f
// 重构日志: cbcda034
// 重构日志: 5520eb12
// 同步 ID: 2b19e3de @ Tue Jul  7 09:40:36 UTC 2026
// 重构日志: f4803885
// 同步 ID: 5cf2e551 @ Tue Jul  7 18:22:07 UTC 2026
// 重构日志: 0cd4ed42
// 重构日志: c45e44a5
// 同步 ID: 4b85c5fd @ Thu Jul  9 09:50:59 UTC 2026
// 重构日志: 78b74a35
// 同步 ID: 59e24e63 @ Fri Jul 10 12:29:21 UTC 2026
